<?xml version="1.0" encoding="UTF-8"?>
<testsuite name="agh.ics.oop.SimulationTest" tests="1" skipped="0" failures="0" errors="0" timestamp="2024-11-13T20:45:49" hostname="LAPTOP-3O2HDAVR" time="0.041">
  <properties/>
  <testcase name="simulationRun()" classname="agh.ics.oop.SimulationTest" time="0.041"/>
  <system-out><![CDATA[ y\x  0 1 2 3 4 5
  6: -------------
  5: | | | | | | |
  4: | | | | | | |
  3: | | | |N| | |
  2: | | |N| | | |
  1: | | | | | | |
  0: | | | | | | |
 -1: -------------

 y\x  0 1 2 3 4 5
  6: -------------
  5: | | | | | | |
  4: | | | | | | |
  3: | | |N|N| | |
  2: | | | | | | |
  1: | | | | | | |
  0: | | | | | | |
 -1: -------------

 y\x  0 1 2 3 4 5
  6: -------------
  5: | | | | | | |
  4: | | | | | | |
  3: | | |N|E| | |
  2: | | | | | | |
  1: | | | | | | |
  0: | | | | | | |
 -1: -------------

 y\x  0 1 2 3 4 5
  6: -------------
  5: | | | | | | |
  4: | | |N| | | |
  3: | | | |E| | |
  2: | | | | | | |
  1: | | | | | | |
  0: | | | | | | |
 -1: -------------

 y\x  0 1 2 3 4 5
  6: -------------
  5: | | | | | | |
  4: | | |N| | | |
  3: | | | |N| | |
  2: | | | | | | |
  1: | | | | | | |
  0: | | | | | | |
 -1: -------------

]]></system-out>
  <system-err><![CDATA[]]></system-err>
</testsuite>
