<?xml version="1.0" encoding="UTF-8"?>
<testsuite name="agh.ics.oop.SimulationTest" tests="1" skipped="0" failures="0" errors="0" timestamp="2024-11-07T11:47:00" hostname="LAPTOP-3O2HDAVR" time="0.044">
  <properties/>
  <testcase name="testSimulationWithMultipleAnimals()" classname="agh.ics.oop.SimulationTest" time="0.044"/>
  <system-out><![CDATA[Zwierzę 0: Animal [direction=Północ, position=(2, 3)]
Zwierzę 1: Animal [direction=Wschód, position=(0, 0)]
Zwierzę 0: Animal [direction=Północ, position=(2, 4)]
Zwierzę 1: Animal [direction=Wschód, position=(1, 0)]
Zwierzę 0: Animal [direction=Zachód, position=(2, 4)]
Zwierzę 1: Animal [direction=Północ, position=(1, 0)]
]]></system-out>
  <system-err><![CDATA[]]></system-err>
</testsuite>
