<?xml version="1.0" encoding="UTF-8"?>
<testsuite name="agh.ics.oop.SimulationTest" tests="6" skipped="0" failures="0" errors="0" timestamp="2024-11-29T11:54:26" hostname="LAPTOP-3O2HDAVR" time="0.047">
  <properties/>
  <testcase name="placeAnimalsOnMap()" classname="agh.ics.oop.SimulationTest" time="0.02"/>
  <testcase name="animalMovement()" classname="agh.ics.oop.SimulationTest" time="0.007"/>
  <testcase name="multipleAnimalsMovement()" classname="agh.ics.oop.SimulationTest" time="0.002"/>
  <testcase name="simulationRun()" classname="agh.ics.oop.SimulationTest" time="0.006"/>
  <testcase name="preventPlacingAnimalsOnSamePosition()" classname="agh.ics.oop.SimulationTest" time="0.006"/>
  <testcase name="preventMovementOutsideMap()" classname="agh.ics.oop.SimulationTest" time="0.001"/>
  <system-out><![CDATA[ y\x  0 1 2 3 4
  5: -----------
  4: | | | | | |
  3: | | | |N| |
  2: | | |N| | |
  1: | | | | | |
  0: | | | | | |
 -1: -----------

]]></system-out>
  <system-err><![CDATA[]]></system-err>
</testsuite>
